<?xml version="1.0" encoding="UTF-8"?>
<testng-results ignored="0" total="4" passed="4" failed="0" skipped="0">
  <reporter-output>
  </reporter-output>
  <suite started-at="2024-05-19T13:05:27 CEST" name="Test Suite" finished-at="2024-05-19T13:06:26 CEST" duration-ms="58729">
    <groups>
    </groups>
    <test started-at="2024-05-19T13:05:27 CEST" name="Test Case" finished-at="2024-05-19T13:06:26 CEST" duration-ms="58729">
      <class name="com.detyre.DashboardTest">
        <test-method is-config="true" signature="setupLogger()[pri:0, instance:com.detyre.DashboardTest@16a49a5d]" started-at="2024-05-19T13:05:45 CEST" name="setupLogger" finished-at="2024-05-19T13:05:45 CEST" duration-ms="0" status="PASS">
          <reporter-output>
          </reporter-output>
        </test-method> <!-- setupLogger -->
        <test-method signature="successfulDashboardTest()[pri:0, instance:com.detyre.DashboardTest@16a49a5d]" started-at="2024-05-19T13:05:45 CEST" name="successfulDashboardTest" finished-at="2024-05-19T13:06:07 CEST" duration-ms="21948" status="PASS">
          <reporter-output>
          </reporter-output>
        </test-method> <!-- successfulDashboardTest -->
        <test-method is-config="true" signature="tearDown()[pri:0, instance:com.detyre.DashboardTest@16a49a5d]" started-at="2024-05-19T13:06:07 CEST" name="tearDown" finished-at="2024-05-19T13:06:07 CEST" duration-ms="0" status="PASS">
          <reporter-output>
          </reporter-output>
        </test-method> <!-- tearDown -->
      </class> <!-- com.detyre.DashboardTest -->
      <class name="com.detyre.ShoppingCartTest">
        <test-method is-config="true" signature="setupLogger()[pri:0, instance:com.detyre.ShoppingCartTest@3db663d0]" started-at="2024-05-19T13:06:07 CEST" name="setupLogger" finished-at="2024-05-19T13:06:07 CEST" duration-ms="4" status="PASS">
          <reporter-output>
          </reporter-output>
        </test-method> <!-- setupLogger -->
        <test-method signature="shoppingCartTest()[pri:0, instance:com.detyre.ShoppingCartTest@3db663d0]" started-at="2024-05-19T13:06:07 CEST" name="shoppingCartTest" finished-at="2024-05-19T13:06:25 CEST" duration-ms="18639" status="PASS">
          <reporter-output>
          </reporter-output>
        </test-method> <!-- shoppingCartTest -->
        <test-method is-config="true" signature="tearDown()[pri:0, instance:com.detyre.ShoppingCartTest@3db663d0]" started-at="2024-05-19T13:06:25 CEST" name="tearDown" finished-at="2024-05-19T13:06:26 CEST" duration-ms="712" status="PASS">
          <reporter-output>
          </reporter-output>
        </test-method> <!-- tearDown -->
      </class> <!-- com.detyre.ShoppingCartTest -->
      <class name="com.detyre.RegisterTest">
        <test-method is-config="true" signature="setupLogger()[pri:0, instance:com.detyre.RegisterTest@6c806c8b]" started-at="2024-05-19T13:05:27 CEST" name="setupLogger" finished-at="2024-05-19T13:05:27 CEST" duration-ms="36" status="PASS">
          <reporter-output>
          </reporter-output>
        </test-method> <!-- setupLogger -->
        <test-method signature="successfulRegistrationForm()[pri:0, instance:com.detyre.RegisterTest@6c806c8b]" started-at="2024-05-19T13:05:27 CEST" name="successfulRegistrationForm" finished-at="2024-05-19T13:05:39 CEST" duration-ms="11714" status="PASS">
          <reporter-output>
          </reporter-output>
        </test-method> <!-- successfulRegistrationForm -->
        <test-method is-config="true" signature="tearDown()[pri:0, instance:com.detyre.RegisterTest@6c806c8b]" started-at="2024-05-19T13:05:39 CEST" name="tearDown" finished-at="2024-05-19T13:05:39 CEST" duration-ms="8" status="PASS">
          <reporter-output>
          </reporter-output>
        </test-method> <!-- tearDown -->
      </class> <!-- com.detyre.RegisterTest -->
      <class name="com.detyre.LoginTests">
        <test-method is-config="true" signature="setupLogger()[pri:0, instance:com.detyre.LoginTests@46d63dbb]" started-at="2024-05-19T13:05:39 CEST" name="setupLogger" finished-at="2024-05-19T13:05:39 CEST" duration-ms="8" status="PASS">
          <reporter-output>
          </reporter-output>
        </test-method> <!-- setupLogger -->
        <test-method signature="successfulLoginTest()[pri:0, instance:com.detyre.LoginTests@46d63dbb]" started-at="2024-05-19T13:05:39 CEST" name="successfulLoginTest" finished-at="2024-05-19T13:05:45 CEST" duration-ms="5557" status="PASS">
          <reporter-output>
          </reporter-output>
        </test-method> <!-- successfulLoginTest -->
        <test-method is-config="true" signature="tearDown()[pri:0, instance:com.detyre.LoginTests@46d63dbb]" started-at="2024-05-19T13:05:45 CEST" name="tearDown" finished-at="2024-05-19T13:05:45 CEST" duration-ms="0" status="PASS">
          <reporter-output>
          </reporter-output>
        </test-method> <!-- tearDown -->
      </class> <!-- com.detyre.LoginTests -->
    </test> <!-- Test Case -->
  </suite> <!-- Test Suite -->
</testng-results>
