<?xml version="1.0" encoding="UTF-8"?>
<!-- Generated by org.testng.reporters.JUnitXMLReporter -->
<testsuite ignored="1" hostname="WIN-80GFNT9FVID" failures="0" tests="4" name="Test Case" time="58.729" errors="0" timestamp="2024-05-19T13:06:26 CEST">
  <testcase classname="com.detyre.RegisterTest" name="successfulRegistrationForm" time="11.714"/>
  <testcase classname="com.detyre.LoginTests" name="successfulLoginTest" time="5.557"/>
  <testcase classname="com.detyre.DashboardTest" name="successfulDashboardTest" time="21.948"/>
  <testcase classname="com.detyre.ShoppingCartTest" name="shoppingCartTest" time="18.639"/>
  <testcase classname="com.detyre.DashboardTest" name="successfulDashboardForShoppingCartTest" time="0.0">
    <ignored/>
  </testcase> <!-- successfulDashboardForShoppingCartTest -->
</testsuite> <!-- Test Case -->
